SF:lib\widgets\user_registration_form.dart
DA:7,1
DA:9,1
DA:10,1
DA:23,1
DA:24,3
DA:25,2
DA:26,1
DA:27,1
DA:31,1
DA:33,2
DA:34,1
DA:35,1
DA:38,2
DA:39,1
DA:44,1
DA:46,1
DA:48,1
DA:49,1
DA:50,1
DA:52,1
DA:53,1
DA:54,1
DA:59,2
DA:62,1
DA:63,1
DA:69,2
DA:72,1
DA:73,1
DA:80,2
DA:83,1
DA:84,1
DA:90,2
DA:92,1
DA:96,1
DA:97,2
DA:98,1
DA:104,2
DA:105,1
DA:107,1
DA:108,1
DA:109,1
DA:110,2
DA:124,1
DA:126,2
DA:127,2
DA:128,2
DA:129,2
DA:130,1
LF:48
LH:48
end_of_record
SF:lib\core\widgets\custom_elevated_button.dart
DA:7,1
DA:13,1
DA:15,1
DA:16,1
DA:17,1
DA:18,1
DA:19,1
DA:22,1
DA:26,1
LF:9
LH:9
end_of_record
SF:lib\core\helpers\app_regex.dart
DA:2,1
DA:3,1
DA:5,1
DA:8,0
DA:9,0
DA:11,0
DA:14,1
DA:15,2
DA:18,1
DA:19,2
DA:22,1
DA:23,2
DA:26,1
DA:27,2
DA:30,1
DA:31,2
DA:34,0
DA:35,0
LF:18
LH:13
end_of_record
SF:lib\core\helpers\validation_helper.dart
DA:5,0
DA:7,2
DA:9,1
DA:10,1
DA:11,1
DA:12,1
DA:13,1
DA:14,1
DA:17,1
DA:18,1
DA:21,2
DA:27,1
DA:28,1
DA:31,1
DA:37,1
DA:38,1
DA:41,1
DA:47,1
DA:51,1
DA:54,2
LF:20
LH:19
end_of_record
