SF:lib\controllers\cart\cart_cubit.dart
DA:6,6
DA:8,2
DA:9,6
DA:10,8
DA:12,4
DA:13,10
DA:14,2
DA:16,4
DA:19,6
DA:22,1
DA:23,3
DA:24,4
DA:26,2
DA:27,1
DA:28,0
DA:30,2
DA:31,1
DA:33,3
DA:37,2
DA:38,8
DA:41,1
DA:42,3
DA:43,4
DA:44,3
LF:24
LH:23
end_of_record
SF:lib\controllers\cart\cart_state.dart
DA:8,2
DA:10,1
DA:11,7
DA:13,3
DA:15,7
DA:18,4
DA:20,6
DA:22,3
DA:24,2
DA:25,2
DA:28,2
DA:29,4
LF:12
LH:12
end_of_record
SF:lib\models\cart_item.dart
DA:10,2
DA:18,2
DA:25,2
DA:26,2
DA:27,2
DA:28,2
DA:29,0
DA:30,2
DA:34,2
DA:35,12
LF:10
LH:9
end_of_record
SF:lib\widgets\shopping_cart.dart
DA:7,0
DA:9,1
DA:11,1
DA:12,2
DA:13,1
DA:14,1
DA:15,1
DA:17,1
DA:18,1
DA:19,1
DA:21,1
DA:22,1
DA:23,2
DA:31,1
DA:32,0
DA:40,1
DA:41,0
DA:44,1
DA:45,0
DA:57,1
DA:59,1
DA:60,1
DA:61,1
DA:63,1
DA:65,1
DA:66,1
DA:68,1
DA:69,3
DA:70,1
DA:71,1
DA:72,1
DA:80,4
DA:81,1
DA:82,3
DA:85,1
DA:86,3
DA:97,2
DA:99,1
DA:100,1
DA:102,2
DA:103,1
DA:104,2
DA:106,6
DA:108,1
DA:109,1
DA:110,2
DA:111,1
DA:113,1
DA:114,1
DA:115,3
DA:117,2
DA:118,1
DA:119,4
DA:122,1
DA:123,2
DA:127,1
DA:129,1
DA:130,1
DA:131,0
DA:132,0
DA:133,0
DA:137,1
DA:142,1
DA:143,1
DA:144,1
DA:146,3
DA:148,1
DA:149,0
DA:150,0
DA:151,0
DA:155,1
DA:156,0
LF:72
LH:61
end_of_record
SF:lib\core\helpers\validation_helper.dart
DA:5,0
DA:7,4
DA:9,2
DA:10,2
DA:11,2
DA:12,2
DA:13,2
DA:14,2
DA:17,2
DA:18,2
DA:21,4
DA:27,2
DA:28,2
DA:31,2
DA:37,2
DA:38,2
DA:41,2
DA:47,2
DA:51,2
DA:54,4
LF:20
LH:19
end_of_record
SF:lib\core\helpers\app_regex.dart
DA:2,2
DA:3,2
DA:5,2
DA:8,0
DA:9,0
DA:11,0
DA:14,2
DA:15,4
DA:18,2
DA:19,4
DA:22,2
DA:23,4
DA:26,2
DA:27,4
DA:30,2
DA:31,4
DA:34,0
DA:35,0
LF:18
LH:13
end_of_record
SF:lib\core\widgets\custom_elevated_button.dart
DA:7,1
DA:13,1
DA:15,1
DA:16,1
DA:17,1
DA:18,1
DA:19,1
DA:22,1
DA:26,1
LF:9
LH:9
end_of_record
SF:lib\widgets\user_registration_form.dart
DA:7,1
DA:9,1
DA:10,1
DA:23,1
DA:24,3
DA:25,2
DA:26,1
DA:27,1
DA:31,1
DA:33,2
DA:34,1
DA:35,1
DA:38,2
DA:39,1
DA:44,1
DA:46,1
DA:48,1
DA:49,1
DA:50,1
DA:52,1
DA:53,1
DA:54,1
DA:59,2
DA:62,1
DA:63,1
DA:69,2
DA:72,1
DA:73,1
DA:80,2
DA:83,1
DA:84,1
DA:90,2
DA:92,1
DA:96,1
DA:97,2
DA:98,1
DA:104,2
DA:105,1
DA:107,1
DA:108,1
DA:109,1
DA:110,2
DA:124,1
DA:126,2
DA:127,2
DA:128,2
DA:129,2
DA:130,1
LF:48
LH:48
end_of_record
